

Started GET "/" for 127.0.0.1 at 2014-03-07 17:01:31 +0530
Processing by Rails::WelcomeController#index as HTML
  Rendered /home/rashmith/.rvm/gems/ruby-2.1.0/gems/railties-4.0.2/lib/rails/templates/rails/welcome/index.html.erb (18.2ms)
Completed 200 OK in 194ms (Views: 176.2ms | ActiveRecord: 0.0ms)


Started GET "/" for 127.0.0.1 at 2014-03-07 17:01:32 +0530
Processing by Rails::WelcomeController#index as HTML
  Rendered /home/rashmith/.rvm/gems/ruby-2.1.0/gems/railties-4.0.2/lib/rails/templates/rails/welcome/index.html.erb (0.1ms)
Completed 200 OK in 4ms (Views: 4.0ms | ActiveRecord: 0.0ms)


Started GET "/" for 127.0.0.1 at 2014-03-07 17:54:55 +0530
Processing by Rails::WelcomeController#index as HTML
  Rendered /home/rashmith/.rvm/gems/ruby-2.1.0/gems/railties-4.0.2/lib/rails/templates/rails/welcome/index.html.erb (1.4ms)
Completed 200 OK in 26ms (Views: 6.4ms | ActiveRecord: 0.0ms)
  [1m[36m (123.8ms)[0m  [1mCREATE TABLE "schema_migrations" ("version" character varying(255) NOT NULL) [0m
  [1m[35m (90.9ms)[0m  CREATE UNIQUE INDEX "unique_schema_migrations" ON "schema_migrations" ("version")
  [1m[36mActiveRecord::SchemaMigration Load (1.4ms)[0m  [1mSELECT "schema_migrations".* FROM "schema_migrations"[0m
Migrating to CreateProducts (20140307135248)
  [1m[35m (0.4ms)[0m  BEGIN
  [1m[36m (190.7ms)[0m  [1mCREATE TABLE "products" ("id" serial primary key, "name" character varying(255), "description" text, "created_at" timestamp, "updated_at" timestamp) [0m
  [1m[35mSQL (1.9ms)[0m  INSERT INTO "schema_migrations" ("version") VALUES ($1)  [["version", "20140307135248"]]
  [1m[36m (12.1ms)[0m  [1mCOMMIT[0m
  [1m[35mActiveRecord::SchemaMigration Load (0.9ms)[0m  SELECT "schema_migrations".* FROM "schema_migrations"


Started GET "/" for 127.0.0.1 at 2014-03-07 19:26:18 +0530
  [1m[36mActiveRecord::SchemaMigration Load (0.6ms)[0m  [1mSELECT "schema_migrations".* FROM "schema_migrations"[0m
Processing by DashboardController#home as HTML
Completed 500 Internal Server Error in 39ms

ActionView::MissingTemplate (Missing template dashboard/home, application/home with {:locale=>[:en], :formats=>[:html], :handlers=>[:erb, :builder, :raw, :ruby, :jbuilder, :coffee]}. Searched in:
  * "/home/rashmith/Work/bird/app/views"
):
  actionpack (4.0.2) lib/action_view/path_set.rb:46:in `find'
  actionpack (4.0.2) lib/action_view/lookup_context.rb:122:in `find'
  actionpack (4.0.2) lib/action_view/renderer/abstract_renderer.rb:18:in `find_template'
  actionpack (4.0.2) lib/action_view/renderer/template_renderer.rb:35:in `determine_template'
  actionpack (4.0.2) lib/action_view/renderer/template_renderer.rb:8:in `render'
  actionpack (4.0.2) lib/action_view/renderer/renderer.rb:42:in `render_template'
  actionpack (4.0.2) lib/action_view/renderer/renderer.rb:23:in `render'
  actionpack (4.0.2) lib/abstract_controller/rendering.rb:127:in `_render_template'
  actionpack (4.0.2) lib/action_controller/metal/streaming.rb:219:in `_render_template'
  actionpack (4.0.2) lib/abstract_controller/rendering.rb:120:in `render_to_body'
  actionpack (4.0.2) lib/action_controller/metal/rendering.rb:33:in `render_to_body'
  actionpack (4.0.2) lib/action_controller/metal/renderers.rb:26:in `render_to_body'
  actionpack (4.0.2) lib/abstract_controller/rendering.rb:97:in `render'
  actionpack (4.0.2) lib/action_controller/metal/rendering.rb:16:in `render'
  actionpack (4.0.2) lib/action_controller/metal/instrumentation.rb:41:in `block (2 levels) in render'
  activesupport (4.0.2) lib/active_support/core_ext/benchmark.rb:12:in `block in ms'
  /home/rashmith/.rvm/rubies/ruby-2.1.0/lib/ruby/2.1.0/benchmark.rb:294:in `realtime'
  activesupport (4.0.2) lib/active_support/core_ext/benchmark.rb:12:in `ms'
  actionpack (4.0.2) lib/action_controller/metal/instrumentation.rb:41:in `block in render'
  actionpack (4.0.2) lib/action_controller/metal/instrumentation.rb:84:in `cleanup_view_runtime'
  activerecord (4.0.2) lib/active_record/railties/controller_runtime.rb:25:in `cleanup_view_runtime'
  actionpack (4.0.2) lib/action_controller/metal/instrumentation.rb:40:in `render'
  actionpack (4.0.2) lib/action_controller/metal/implicit_render.rb:10:in `default_render'
  actionpack (4.0.2) lib/action_controller/metal/implicit_render.rb:5:in `send_action'
  actionpack (4.0.2) lib/abstract_controller/base.rb:189:in `process_action'
  actionpack (4.0.2) lib/action_controller/metal/rendering.rb:10:in `process_action'
  actionpack (4.0.2) lib/abstract_controller/callbacks.rb:18:in `block in process_action'
  activesupport (4.0.2) lib/active_support/callbacks.rb:403:in `_run__423172409__process_action__callbacks'
  activesupport (4.0.2) lib/active_support/callbacks.rb:80:in `run_callbacks'
  actionpack (4.0.2) lib/abstract_controller/callbacks.rb:17:in `process_action'
  actionpack (4.0.2) lib/action_controller/metal/rescue.rb:29:in `process_action'
  actionpack (4.0.2) lib/action_controller/metal/instrumentation.rb:31:in `block in process_action'
  activesupport (4.0.2) lib/active_support/notifications.rb:159:in `block in instrument'
  activesupport (4.0.2) lib/active_support/notifications/instrumenter.rb:20:in `instrument'
  activesupport (4.0.2) lib/active_support/notifications.rb:159:in `instrument'
  actionpack (4.0.2) lib/action_controller/metal/instrumentation.rb:30:in `process_action'
  actionpack (4.0.2) lib/action_controller/metal/params_wrapper.rb:245:in `process_action'
  activerecord (4.0.2) lib/active_record/railties/controller_runtime.rb:18:in `process_action'
  actionpack (4.0.2) lib/abstract_controller/base.rb:136:in `process'
  actionpack (4.0.2) lib/abstract_controller/rendering.rb:44:in `process'
  actionpack (4.0.2) lib/action_controller/metal.rb:195:in `dispatch'
  actionpack (4.0.2) lib/action_controller/metal/rack_delegation.rb:13:in `dispatch'
  actionpack (4.0.2) lib/action_controller/metal.rb:231:in `block in action'
  actionpack (4.0.2) lib/action_dispatch/routing/route_set.rb:80:in `call'
  actionpack (4.0.2) lib/action_dispatch/routing/route_set.rb:80:in `dispatch'
  actionpack (4.0.2) lib/action_dispatch/routing/route_set.rb:48:in `call'
  actionpack (4.0.2) lib/action_dispatch/journey/router.rb:71:in `block in call'
  actionpack (4.0.2) lib/action_dispatch/journey/router.rb:59:in `each'
  actionpack (4.0.2) lib/action_dispatch/journey/router.rb:59:in `call'
  actionpack (4.0.2) lib/action_dispatch/routing/route_set.rb:680:in `call'
  rack (1.5.2) lib/rack/etag.rb:23:in `call'
  rack (1.5.2) lib/rack/conditionalget.rb:25:in `call'
  rack (1.5.2) lib/rack/head.rb:11:in `call'
  actionpack (4.0.2) lib/action_dispatch/middleware/params_parser.rb:27:in `call'
  actionpack (4.0.2) lib/action_dispatch/middleware/flash.rb:241:in `call'
  rack (1.5.2) lib/rack/session/abstract/id.rb:225:in `context'
  rack (1.5.2) lib/rack/session/abstract/id.rb:220:in `call'
  actionpack (4.0.2) lib/action_dispatch/middleware/cookies.rb:486:in `call'
  activerecord (4.0.2) lib/active_record/query_cache.rb:36:in `call'
  activerecord (4.0.2) lib/active_record/connection_adapters/abstract/connection_pool.rb:626:in `call'
  activerecord (4.0.2) lib/active_record/migration.rb:369:in `call'
  actionpack (4.0.2) lib/action_dispatch/middleware/callbacks.rb:29:in `block in call'
  activesupport (4.0.2) lib/active_support/callbacks.rb:373:in `_run__763656574__call__callbacks'
  activesupport (4.0.2) lib/active_support/callbacks.rb:80:in `run_callbacks'
  actionpack (4.0.2) lib/action_dispatch/middleware/callbacks.rb:27:in `call'
  actionpack (4.0.2) lib/action_dispatch/middleware/reloader.rb:64:in `call'
  actionpack (4.0.2) lib/action_dispatch/middleware/remote_ip.rb:76:in `call'
  actionpack (4.0.2) lib/action_dispatch/middleware/debug_exceptions.rb:17:in `call'
  actionpack (4.0.2) lib/action_dispatch/middleware/show_exceptions.rb:30:in `call'
  railties (4.0.2) lib/rails/rack/logger.rb:38:in `call_app'
  railties (4.0.2) lib/rails/rack/logger.rb:20:in `block in call'
  activesupport (4.0.2) lib/active_support/tagged_logging.rb:67:in `block in tagged'
  activesupport (4.0.2) lib/active_support/tagged_logging.rb:25:in `tagged'
  activesupport (4.0.2) lib/active_support/tagged_logging.rb:67:in `tagged'
  railties (4.0.2) lib/rails/rack/logger.rb:20:in `call'
  actionpack (4.0.2) lib/action_dispatch/middleware/request_id.rb:21:in `call'
  rack (1.5.2) lib/rack/methodoverride.rb:21:in `call'
  rack (1.5.2) lib/rack/runtime.rb:17:in `call'
  activesupport (4.0.2) lib/active_support/cache/strategy/local_cache.rb:83:in `call'
  rack (1.5.2) lib/rack/lock.rb:17:in `call'
  actionpack (4.0.2) lib/action_dispatch/middleware/static.rb:64:in `call'
  rack (1.5.2) lib/rack/sendfile.rb:112:in `call'
  railties (4.0.2) lib/rails/engine.rb:511:in `call'
  railties (4.0.2) lib/rails/application.rb:97:in `call'
  rack (1.5.2) lib/rack/lock.rb:17:in `call'
  rack (1.5.2) lib/rack/content_length.rb:14:in `call'
  rack (1.5.2) lib/rack/handler/webrick.rb:60:in `service'
  /home/rashmith/.rvm/rubies/ruby-2.1.0/lib/ruby/2.1.0/webrick/httpserver.rb:138:in `service'
  /home/rashmith/.rvm/rubies/ruby-2.1.0/lib/ruby/2.1.0/webrick/httpserver.rb:94:in `run'
  /home/rashmith/.rvm/rubies/ruby-2.1.0/lib/ruby/2.1.0/webrick/server.rb:295:in `block in start_thread'


  Rendered /home/rashmith/.rvm/gems/ruby-2.1.0/gems/actionpack-4.0.2/lib/action_dispatch/middleware/templates/rescues/missing_template.erb within rescues/layout (1.2ms)


Started GET "/" for 127.0.0.1 at 2014-03-07 19:27:46 +0530
  [1m[36mActiveRecord::SchemaMigration Load (0.5ms)[0m  [1mSELECT "schema_migrations".* FROM "schema_migrations"[0m
Processing by DashboardController#home as HTML
  Rendered dashboard/home.html.haml within layouts/application (1.5ms)
Completed 200 OK in 325ms (Views: 306.5ms | ActiveRecord: 0.0ms)


Started GET "/assets/dashboard.css?body=1" for 127.0.0.1 at 2014-03-07 19:27:47 +0530


Started GET "/assets/application.css?body=1" for 127.0.0.1 at 2014-03-07 19:27:47 +0530


Started GET "/assets/turbolinks.js?body=1" for 127.0.0.1 at 2014-03-07 19:27:47 +0530


Started GET "/assets/dashboard.js?body=1" for 127.0.0.1 at 2014-03-07 19:27:47 +0530


Started GET "/assets/jquery.js?body=1" for 127.0.0.1 at 2014-03-07 19:27:47 +0530


Started GET "/assets/jquery_ujs.js?body=1" for 127.0.0.1 at 2014-03-07 19:27:47 +0530


Started GET "/assets/application.js?body=1" for 127.0.0.1 at 2014-03-07 19:27:47 +0530


Started GET "/" for 127.0.0.1 at 2014-03-07 19:30:49 +0530
Processing by ProductsController#index as HTML
  Rendered products/index.html.haml within layouts/application (0.8ms)
Completed 200 OK in 10ms (Views: 9.4ms | ActiveRecord: 0.0ms)


Started GET "/assets/dashboard.css?body=1" for 127.0.0.1 at 2014-03-07 19:30:49 +0530


Started GET "/assets/dashboard.js?body=1" for 127.0.0.1 at 2014-03-07 19:30:49 +0530


Started GET "/" for 127.0.0.1 at 2014-03-07 19:31:15 +0530
Processing by ProductsController#index as HTML
  Rendered products/index.html.haml within layouts/application (0.9ms)
Completed 200 OK in 6ms (Views: 5.1ms | ActiveRecord: 0.0ms)


Started GET "/assets/dashboard.css?body=1" for 127.0.0.1 at 2014-03-07 19:31:15 +0530


Started GET "/assets/dashboard.js?body=1" for 127.0.0.1 at 2014-03-07 19:31:15 +0530
  [1m[36mProduct Load (3.7ms)[0m  [1mSELECT "products".* FROM "products"[0m
  [1m[35m (0.6ms)[0m  SELECT COUNT(*) FROM "products"
  [1m[36m (0.4ms)[0m  [1mBEGIN[0m
  [1m[35mSQL (45.8ms)[0m  INSERT INTO "products" ("created_at", "name", "updated_at") VALUES ($1, $2, $3) RETURNING "id"  [["created_at", Fri, 07 Mar 2014 14:10:46 UTC +00:00], ["name", "Author"], ["updated_at", Fri, 07 Mar 2014 14:10:46 UTC +00:00]]
  [1m[36m (20.7ms)[0m  [1mCOMMIT[0m
  [1m[35mProduct Load (1.8ms)[0m  SELECT "products".* FROM "products" ORDER BY "products"."id" DESC LIMIT 1
  [1m[36mProduct Load (1.1ms)[0m  [1mSELECT "products".* FROM "products" ORDER BY "products"."id" DESC LIMIT 1[0m
  [1m[35mProduct Load (1.1ms)[0m  SELECT "products".* FROM "products" ORDER BY "products"."id" DESC LIMIT 1
  [1m[36mProduct Load (11.6ms)[0m  [1mSELECT "products".* FROM "products" WHERE "products"."master_product_id" = $1[0m  [[nil, 1]]
PG::UndefinedColumn: ERROR:  column products.master_product_id does not exist
LINE 1: SELECT "products".* FROM "products"  WHERE "products"."maste...
                                                   ^
: SELECT "products".* FROM "products"  WHERE "products"."master_product_id" = $1
  [1m[36mActiveRecord::SchemaMigration Load (0.7ms)[0m  [1mSELECT "schema_migrations".* FROM "schema_migrations"[0m
Migrating to AddMasterProductIdToProduct (20140307141452)
  [1m[35m (0.4ms)[0m  BEGIN
  [1m[36m (1.5ms)[0m  [1mALTER TABLE "products" ADD COLUMN "master_product_id" integer[0m
  [1m[35mSQL (1.1ms)[0m  INSERT INTO "schema_migrations" ("version") VALUES ($1)  [["version", "20140307141452"]]
  [1m[36m (8.0ms)[0m  [1mCOMMIT[0m
  [1m[35mActiveRecord::SchemaMigration Load (0.3ms)[0m  SELECT "schema_migrations".* FROM "schema_migrations"
  [1m[36mProduct Load (1.0ms)[0m  [1mSELECT "products".* FROM "products" ORDER BY "products"."id" DESC LIMIT 1[0m
  [1m[35mProduct Load (2.9ms)[0m  SELECT "products".* FROM "products" WHERE "products"."master_product_id" = $1  [["master_product_id", 1]]
  [1m[36mProduct Load (1.1ms)[0m  [1mSELECT "products".* FROM "products" ORDER BY "products"."id" DESC LIMIT 1[0m
  [1m[35mProduct Load (1.1ms)[0m  SELECT "products".* FROM "products" ORDER BY "products"."id" DESC LIMIT 1
WARNING: Can't mass-assign protected attributes for Product: title, master_product_id

  [1m[36m (0.5ms)[0m  [1mBEGIN[0m
  [1m[35mSQL (2.5ms)[0m  INSERT INTO "products" ("created_at", "updated_at") VALUES ($1, $2) RETURNING "id"  [["created_at", Fri, 07 Mar 2014 14:20:32 UTC +00:00], ["updated_at", Fri, 07 Mar 2014 14:20:32 UTC +00:00]]
  [1m[36m (20.6ms)[0m  [1mCOMMIT[0m
  [1m[35mProduct Load (1.0ms)[0m  SELECT "products".* FROM "products"
WARNING: Can't mass-assign protected attributes for Product: master_product_id

  [1m[36m (0.5ms)[0m  [1mBEGIN[0m
  [1m[35mSQL (1.7ms)[0m  INSERT INTO "products" ("created_at", "name", "updated_at") VALUES ($1, $2, $3) RETURNING "id"  [["created_at", Fri, 07 Mar 2014 14:21:40 UTC +00:00], ["name", "Author"], ["updated_at", Fri, 07 Mar 2014 14:21:40 UTC +00:00]]
  [1m[36m (15.5ms)[0m  [1mCOMMIT[0m
WARNING: Can't mass-assign protected attributes for Product: master_product_id

  [1m[35m (0.3ms)[0m  BEGIN
  [1m[36mSQL (0.9ms)[0m  [1mINSERT INTO "products" ("created_at", "name", "updated_at") VALUES ($1, $2, $3) RETURNING "id"[0m  [["created_at", Fri, 07 Mar 2014 14:21:49 UTC +00:00], ["name", "Author"], ["updated_at", Fri, 07 Mar 2014 14:21:49 UTC +00:00]]
  [1m[35m (17.0ms)[0m  COMMIT
  [1m[36mProduct Load (0.9ms)[0m  [1mSELECT "products".* FROM "products"[0m
  [1m[35mProduct Load (1.2ms)[0m  SELECT "products".* FROM "products" ORDER BY "products"."id" DESC LIMIT 1
  [1m[36mSQL (33.3ms)[0m  [1mDELETE FROM "products" WHERE "products"."id" = 4[0m
  [1m[35mProduct Load (1.1ms)[0m  SELECT "products".* FROM "products" ORDER BY "products"."id" DESC LIMIT 1
  [1m[36mSQL (14.6ms)[0m  [1mDELETE FROM "products" WHERE "products"."id" = 3[0m
  [1m[35mProduct Load (1.1ms)[0m  SELECT "products".* FROM "products" ORDER BY "products"."id" DESC LIMIT 1
  [1m[36mSQL (9.5ms)[0m  [1mDELETE FROM "products" WHERE "products"."id" = 2[0m
  [1m[35m (0.8ms)[0m  SELECT COUNT(*) FROM "products"
  [1m[36mProduct Load (1.0ms)[0m  [1mSELECT "products".* FROM "products" ORDER BY "products"."id" DESC LIMIT 1[0m
  [1m[35mProduct Load (0.6ms)[0m  SELECT "products".* FROM "products" WHERE "products"."master_product_id" = $1  [["master_product_id", 1]]
  [1m[36mProduct Load (1.0ms)[0m  [1mSELECT "products".* FROM "products" ORDER BY "products"."id" DESC LIMIT 1[0m
  [1m[35m (0.3ms)[0m  BEGIN
  [1m[36mSQL (4.4ms)[0m  [1mINSERT INTO "products" ("created_at", "master_product_id", "updated_at") VALUES ($1, $2, $3) RETURNING "id"[0m  [["created_at", Fri, 07 Mar 2014 14:27:36 UTC +00:00], ["master_product_id", 1], ["updated_at", Fri, 07 Mar 2014 14:27:36 UTC +00:00]]
  [1m[35m (21.4ms)[0m  COMMIT
  [1m[36mProduct Load (1.1ms)[0m  [1mSELECT "products".* FROM "products" ORDER BY "products"."id" DESC LIMIT 1[0m
  [1m[35mProduct Load (1.1ms)[0m  SELECT "products".* FROM "products" ORDER BY "products"."id" DESC LIMIT 1
  [1m[36mSQL (21.1ms)[0m  [1mDELETE FROM "products" WHERE "products"."id" = 5[0m
  [1m[35m (0.9ms)[0m  SELECT COUNT(*) FROM "products"


Started GET "/" for 127.0.0.1 at 2014-03-07 20:21:52 +0530
  [1m[36mActiveRecord::SchemaMigration Load (0.4ms)[0m  [1mSELECT "schema_migrations".* FROM "schema_migrations"[0m
Processing by ProductsController#index as HTML
  Rendered products/index.html.haml within layouts/application (1.5ms)
Completed 200 OK in 46ms (Views: 28.8ms | ActiveRecord: 0.0ms)


Started GET "/assets/dashboard.css?body=1" for 127.0.0.1 at 2014-03-07 20:21:52 +0530


Started GET "/assets/dashboard.js?body=1" for 127.0.0.1 at 2014-03-07 20:21:52 +0530


Started GET "/assets/jquery.js?body=1" for 127.0.0.1 at 2014-03-07 20:21:52 +0530
